1069
16 77 16 88
16 123 16 134
39 66 39 77
42 235 42 246
59 37 59 48
94 88 94 99
112 21 112 32
119 149 119 160
139 124 139 135
166 128 166 139
168 126 168 137
177 118 177 129
188 48 188 59
196 200 196 211
19 5 19 16
43 28 43 39
58 13 58 24
62 111 62 122
71 148 71 159
76 77 76 88
105 63 105 74
106 0 106 11
115 230 115 241
140 43 140 54
140 92 140 103
174 217 174 228
199 105 199 116
15 12 15 23
19 102 19 113
40 116 40 127
56 224 56 235
78 140 78 151
106 198 106 209
119 106 119 117
171 53 171 64
25 209 25 220
56 127 56 138
61 20 61 31
65 9 65 20
67 156 67 167
108 20 108 31
120 105 120 116
166 226 166 237
173 174 173 185
175 80 175 91
180 162 180 173
196 7 196 18
10 101 10 112
11 112 11 123
24 26 24 37
43 222 43 233
51 145 51 156
109 181 109 192
13 217 13 228
29 72 29 83
64 30 64 41
71 102 71 113
138 2 138 13
30 45 30 56
49 10 49 21
99 1 99 12
179 0 179 11
190 226 190 237
8 17 8 28
50 53 50 64
106 231 106 242
119 49 119 60
123 16 123 27
152 28 152 39
166 187 166 198
195 126 195 137
197 46 197 57
198 9 198 20
4 111 4 122
26 103 26 114
27 228 27 239
96 42 96 53
116 233 116 244
118 30 118 41
125 166 125 177
130 219 130 230
168 188 168 199
180 96 180 107
183 79 183 90
195 75 195 86
47 39 47 50
97 12 97 23
135 207 135 218
30 234 30 245
57 153 57 164
93 46 93 57
147 167 147 178
168 97 168 108
12 61 12 72
40 17 40 28
56 16 56 27
61 107 61 118
86 91 86 102
110 223 110 234
119 67 119 78
127 188 127 199
176 218 176 229
29 202 29 213
32 65 32 76
57 133 57 144
139 59 139 70
159 215 159 226
177 4 177 15
9 29 9 40
12 152 12 163
134 39 134 50
157 67 157 78
16 171 16 182
54 115 54 126
120 40 120 51
142 192 142 203
181 95 181 106
6 38 6 49
28 74 28 85
111 46 111 57
114 213 114 224
128 222 128 233
132 107 132 118
139 18 139 29
140 217 140 228
147 179 147 190
148 175 148 186
154 128 154 139
161 211 161 222
167 105 167 116
189 203 189 214
48 237 48 248
66 105 66 116
82 98 82 109
169 172 169 183
174 13 174 24
0 22 0 33
49 27 49 38
126 196 126 207
83 10 83 21
123 110 123 121
9 135 9 146
50 13 50 24
125 119 125 130
26 36 26 47
38 140 38 151
59 21 59 32
148 14 148 25
162 220 162 231
179 207 179 218
181 13 181 24
2 215 2 226
21 177 21 188
41 38 41 49
52 113 52 124
58 236 58 247
69 182 69 193
137 65 137 76
25 228 25 239
31 175 31 186
46 94 46 105
52 31 52 42
52 88 52 99
67 71 67 82
73 87 73 98
84 13 84 24
124 11 124 22
124 166 124 177
135 0 135 11
143 54 143 65
178 151 178 162
190 119 190 130
0 191 0 202
7 63 7 74
29 7 29 18
35 174 35 185
58 102 58 113
84 215 84 226
162 83 162 94
171 193 171 204
182 222 182 233
198 159 198 170
2 185 2 196
32 107 32 118
53 180 53 191
82 133 82 144
121 139 121 150
138 137 138 148
153 205 153 216
191 9 191 20
196 99 196 110
2 15 2 26
14 89 14 100
75 79 75 90
102 142 102 153
110 69 110 80
111 21 111 32
8 137 8 148
11 129 11 140
49 54 49 65
70 28 70 39
72 139 72 150
78 227 78 238
152 77 152 88
173 78 173 89
1 62 1 73
6 95 6 106
13 5 13 16
30 99 30 110
34 213 34 224
38 160 38 171
50 86 50 97
72 73 72 84
81 39 81 50
147 131 147 142
160 8 160 19
165 237 165 248
188 119 188 130
199 70 199 81
33 124 33 135
65 210 65 221
78 204 78 215
106 52 106 63
118 16 118 27
126 222 126 233
131 227 131 238
48 155 48 166
62 13 62 24
70 145 70 156
117 14 117 25
126 83 126 94
156 95 156 106
15 115 15 126
121 207 121 218
129 5 129 16
171 167 171 178
175 222 175 233
1 182 1 193
3 191 3 202
15 130 15 141
104 192 104 203
149 224 149 235
152 193 152 204
160 119 160 130
168 40 168 51
173 214 173 225
189 125 189 136
193 76 193 87
193 100 193 111
3 84 3 95
34 139 34 150
92 86 92 97
95 29 95 40
168 172 168 183
181 134 181 145
113 127 113 138
159 20 159 31
196 78 196 89
196 168 196 179
197 156 197 167
30 142 30 153
36 0 36 11
76 224 76 235
175 150 175 161
23 225 23 236
43 178 43 189
76 65 76 76
197 195 197 206
199 22 199 33
56 207 56 218
75 116 75 127
101 68 101 79
107 144 107 155
144 75 144 86
39 236 39 247
40 39 40 50
41 118 41 129
51 100 51 111
63 22 63 33
80 220 80 231
112 49 112 60
141 145 141 156
143 98 143 109
147 83 147 94
161 92 161 103
1 7 1 18
11 176 11 187
25 184 25 195
27 188 27 199
45 124 45 135
102 93 102 104
126 55 126 66
133 105 133 116
192 207 192 218
25 111 25 122
29 225 29 236
49 96 49 107
68 168 68 179
69 105 69 116
73 33 73 44
139 110 139 121
151 75 151 86
153 86 153 97
191 107 191 118
198 55 198 66
198 125 198 136
39 126 39 137
48 181 48 192
90 34 90 45
166 169 166 180
185 158 185 169
12 73 12 84
14 150 14 161
18 85 18 96
32 226 32 237
61 144 61 155
79 32 79 43
140 27 140 38
146 82 146 93
150 179 150 190
181 34 181 45
185 5 185 16
32 198 32 209
35 75 35 86
74 129 74 140
83 101 83 112
100 193 100 204
117 192 117 203
166 20 166 31
4 88 4 99
16 233 16 244
47 192 47 203
64 113 64 124
68 216 68 227
87 219 87 230
115 206 115 217
124 52 124 63
127 141 127 152
151 0 151 11
177 51 177 62
198 183 198 194
3 177 3 188
7 1 7 12
15 60 15 71
63 158 63 169
79 62 79 73
97 182 97 193
104 180 104 191
190 176 190 187
25 172 25 183
75 190 75 201
93 34 93 45
127 27 127 38
156 219 156 230
157 82 157 93
65 136 65 147
71 77 71 88
158 53 158 64
174 185 174 196
187 216 187 227
27 103 27 114
30 29 30 40
119 193 119 204
199 36 199 47
12 190 12 201
64 147 64 158
101 142 101 153
128 37 128 48
139 147 139 158
142 172 142 183
156 25 156 36
175 30 175 41
178 197 178 208
185 171 185 182
1 42 1 53
81 116 81 127
82 225 82 236
128 114 128 125
193 126 193 137
10 117 10 128
55 65 55 76
117 225 117 236
150 27 150 38
165 128 165 139
19 205 19 216
32 181 32 192
46 145 46 156
87 151 87 162
99 198 99 209
170 151 170 162
174 74 174 85
185 38 185 49
191 49 191 60
191 228 191 239
18 17 18 28
31 129 31 140
116 28 116 39
117 208 117 219
154 116 154 127
154 206 154 217
1 218 1 229
16 48 16 59
22 184 22 195
45 9 45 20
68 64 68 75
103 132 103 143
151 161 151 172
95 220 95 231
124 118 124 129
143 221 143 232
192 97 192 108
32 24 32 35
77 157 77 168
136 217 136 228
153 52 153 63
185 212 185 223
9 158 9 169
178 227 178 238
181 177 181 188
10 204 10 215
97 130 97 141
139 77 139 88
148 54 148 65
148 116 148 127
20 137 20 148
45 137 45 148
77 74 77 85
96 70 96 81
113 197 113 208
124 82 124 93
132 43 132 54
165 32 165 43
77 201 77 212
82 115 82 126
82 177 82 188
185 120 185 131
186 82 186 93
188 136 188 147
45 68 45 79
89 222 89 233
141 131 141 142
143 195 143 206
14 200 14 211
111 173 111 184
125 1 125 12
131 37 131 48
135 91 135 102
155 72 155 83
38 113 38 124
88 108 88 119
99 114 99 125
113 109 113 120
113 142 113 153
116 175 116 186
182 173 182 184
7 100 7 111
11 193 11 204
50 103 50 114
58 161 58 172
63 235 63 246
64 203 64 214
104 118 104 129
113 7 113 18
129 141 129 152
144 120 144 131
156 83 156 94
21 231 21 242
23 41 23 52
59 193 59 204
68 1 68 12
68 125 68 136
80 143 80 154
86 215 86 226
130 110 130 121
9 232 9 243
15 34 15 45
34 30 34 41
66 188 66 199
93 233 93 244
140 186 140 197
146 95 146 106
149 151 149 162
155 84 155 95
163 102 163 113
167 124 167 135
183 36 183 47
20 163 20 174
69 160 69 171
115 106 115 117
131 109 131 120
136 237 136 248
132 120 132 131
186 212 186 223
36 62 36 73
36 144 36 155
48 104 48 115
56 63 56 74
71 13 71 24
76 38 76 49
136 199 136 210
144 190 144 201
176 177 176 188
3 158 3 169
43 135 43 146
66 216 66 227
80 55 80 66
82 207 82 218
109 213 109 224
111 136 111 147
112 214 112 225
116 192 116 203
130 63 130 74
143 29 143 40
191 143 191 154
199 177 199 188
16 8 16 19
44 125 44 136
66 32 66 43
70 11 70 22
107 5 107 16
134 151 134 162
140 137 140 148
145 36 145 47
179 15 179 26
187 34 187 45
2 59 2 70
29 20 29 31
64 56 64 67
106 36 106 47
117 79 117 90
152 65 152 76
163 12 163 23
17 78 17 89
28 212 28 223
40 224 40 235
44 86 44 97
52 55 52 66
66 171 66 182
85 184 85 195
100 175 100 186
106 126 106 137
110 206 110 217
136 129 136 140
141 35 141 46
145 125 145 136
161 127 161 138
166 56 166 67
170 29 170 40
187 162 187 173
2 166 2 177
62 91 62 102
100 24 100 35
171 137 171 148
47 225 47 236
83 214 83 225
89 193 89 204
98 206 98 217
127 74 127 85
182 34 182 45
15 217 15 228
29 146 29 157
56 36 56 47
67 116 67 127
70 53 70 64
71 135 71 146
108 89 108 100
153 223 153 234
182 189 182 200
190 202 190 213
11 9 11 20
32 212 32 223
35 4 35 15
77 2 77 13
118 3 118 14
135 47 135 58
135 219 135 230
23 96 23 107
60 171 60 182
128 207 128 218
167 45 167 56
79 11 79 22
122 182 122 193
123 138 123 149
190 150 190 161
6 207 6 218
8 167 8 178
35 114 35 125
36 177 36 188
59 107 59 118
60 106 60 117
68 200 68 211
81 66 81 77
88 2 88 13
99 57 99 68
101 93 101 104
132 227 132 238
139 176 139 187
145 110 145 121
156 165 156 176
73 59 73 70
86 59 86 70
105 44 105 55
105 77 105 88
124 103 124 114
141 2 141 13
152 147 152 158
153 104 153 115
159 81 159 92
178 55 178 66
178 163 178 174
181 65 181 76
186 180 186 191
194 24 194 35
194 194 194 205
120 90 120 101
138 45 138 56
172 16 172 27
192 163 192 174
41 158 41 169
83 151 83 162
88 124 88 135
123 224 123 235
1 111 1 122
14 131 14 142
59 148 59 159
78 88 78 99
84 177 84 188
101 174 101 185
120 10 120 21
123 91 123 102
125 100 125 111
142 83 142 94
156 192 156 203
163 232 163 243
164 54 164 65
195 180 195 191
8 119 8 130
8 181 8 192
101 205 101 216
108 166 108 177
113 69 113 80
113 86 113 97
144 40 144 51
172 43 172 54
188 95 188 106
39 158 39 169
90 119 90 130
160 205 160 216
5 162 5 173
36 27 36 38
37 44 37 55
92 58 92 69
130 4 130 15
165 189 165 200
184 197 184 208
129 220 129 231
151 18 151 29
184 185 184 196
35 60 35 71
66 119 66 130
105 205 105 216
129 232 129 243
194 223 194 234
5 26 5 37
21 51 21 62
78 67 78 78
88 82 88 93
94 196 94 207
98 170 98 181
127 237 127 248
165 170 165 181
171 233 171 244
179 76 179 87
73 140 73 151
99 31 99 42
99 45 99 56
183 199 183 210
5 174 5 185
7 22 7 33
20 216 20 227
32 154 32 165
51 168 51 179
61 157 61 168
65 101 65 112
69 209 69 220
115 218 115 229
138 229 138 240
160 221 160 232
176 84 176 95
85 16 85 27
87 174 87 185
98 152 98 163
106 90 106 101
124 135 124 146
171 118 171 129
72 192 72 203
75 178 75 189
114 55 114 66
122 44 122 55
170 110 170 121
177 171 177 182
179 40 179 51
40 152 40 163
104 144 104 155
137 147 137 158
190 69 190 80
19 224 19 235
134 186 134 197
158 176 158 187
20 80 20 91
43 91 43 102
49 72 49 83
50 234 50 245
55 167 55 178
117 96 117 107
21 155 21 166
30 65 30 76
59 176 59 187
67 236 67 247
68 140 68 151
75 209 75 220
79 205 79 216
86 121 86 132
94 149 94 160
99 168 99 179
193 21 193 32
19 188 19 199
28 53 28 64
65 48 65 59
71 191 71 202
78 28 78 39
130 29 130 40
37 224 37 235
39 143 39 154
57 188 57 199
83 175 83 186
170 82 170 93
185 68 185 79
63 210 63 221
118 137 118 148
119 122 119 133
6 235 6 246
15 157 15 168
197 177 197 188
37 184 37 195
48 51 48 62
126 43 126 54
129 65 129 76
144 108 144 119
6 123 6 134
54 219 54 230
76 120 76 131
98 115 98 126
0 212 0 223
8 3 8 14
24 2 24 13
31 79 31 90
55 211 55 222
57 56 57 67
59 163 59 174
82 150 82 161
84 72 84 83
86 148 86 159
88 152 88 163
90 52 90 63
108 6 108 17
131 174 131 185
144 223 144 234
147 207 147 218
178 92 178 103
181 120 181 131
185 89 185 100
185 230 185 241
6 56 6 67
8 96 8 107
19 158 19 169
27 62 27 73
42 157 42 168
48 131 48 142
57 4 57 15
66 83 66 94
102 218 102 229
125 210 125 221
127 216 127 227
156 60 156 71
176 134 176 145
177 159 177 170
183 172 183 183
32 139 32 150
62 229 62 240
80 88 80 99
86 109 86 120
154 163 154 174
59 92 59 103
66 133 66 144
142 1 142 12
5 41 5 52
19 46 19 57
27 22 27 33
34 155 34 166
35 218 35 229
36 199 36 210
37 15 37 26
60 197 60 208
102 230 102 241
103 7 103 18
105 26 105 37
168 212 168 223
176 37 176 48
197 23 197 34
21 78 21 89
62 152 62 163
135 160 135 171
176 20 176 31
177 77 177 88
185 142 185 153
186 196 186 207
199 161 199 172
44 161 44 172
51 185 51 196
95 132 95 143
101 8 101 19
107 53 107 64
31 226 31 237
41 184 41 195
171 16 171 27
188 75 188 86
14 51 14 62
18 194 18 205
41 17 41 28
45 228 45 239
58 42 58 53
74 20 74 31
115 150 115 161
122 115 122 126
130 182 130 193
2 202 2 213
38 33 38 44
70 206 70 217
80 176 80 187
88 94 88 105
114 92 114 103
171 37 171 48
196 26 196 37
36 83 36 94
63 111 63 122
139 227 139 238
158 15 158 26
182 92 182 103
0 52 0 63
5 215 5 226
9 51 9 62
20 53 20 64
67 189 67 200
107 37 107 48
112 229 112 240
116 129 116 140
121 235 121 246
130 202 130 213
172 155 172 166
180 180 180 191
191 164 191 175
61 61 61 72
72 115 72 126
106 180 106 191
175 8 175 19
199 125 199 136
7 183 7 194
163 213 163 224
33 52 33 63
49 145 49 156
62 207 62 218
152 171 152 182
165 62 165 73
192 5 192 16
87 96 87 107
159 173 159 184
68 108 68 119
89 180 89 191
96 167 96 178
148 140 148 151
153 181 153 192
169 152 169 163
5 122 5 133
18 110 18 121
55 141 55 152
103 154 103 165
133 137 133 148
138 201 138 212
35 191 35 202
65 187 65 198
118 48 118 59
194 131 194 142
197 139 197 150
6 2 6 13
27 164 27 175
141 58 141 69
179 230 179 241
185 190 185 201
13 187 13 198
24 208 24 219
45 22 45 33
154 96 154 107
179 165 179 176
184 235 184 246
25 138 25 149
71 59 71 70
122 220 122 231
58 29 58 40
71 32 71 43
73 2 73 13
97 54 97 65
111 194 111 205
146 172 146 183
173 11 173 22
112 37 112 48
129 169 129 180
146 203 146 214
13 149 13 160
80 14 80 25
140 8 140 19
198 30 198 41
4 170 4 181
42 111 42 122
92 142 92 153
123 35 123 46
125 88 125 99
149 136 149 147
151 32 151 43
174 103 174 114
196 61 196 72
12 108 12 119
75 98 75 109
47 149 47 160
72 99 72 110
94 131 94 142
165 106 165 117
189 23 189 34
195 221 195 232
41 94 41 105
66 70 66 81
133 46 133 57
146 33 146 44
183 156 183 167
9 74 9 85
72 21 72 32
141 175 141 186
196 233 196 244
5 93 5 104
17 42 17 53
70 92 70 103
85 214 85 225
134 215 134 226
151 96 151 107
171 152 171 163
40 129 40 140
47 121 47 132
167 158 167 169
170 43 170 54
176 146 176 157
0 88 0 99
19 143 19 154
24 38 24 49
90 179 90 190
133 157 133 168
143 160 143 171
146 146 146 157
174 32 174 43
107 71 107 82
25 16 25 27
115 56 115 67
133 170 133 181
171 88 171 99
182 237 182 248
66 145 66 156
104 70 104 81
109 136 109 147
164 16 164 27
109 8 109 19
183 21 183 32
54 139 54 150
84 120 84 131
100 50 100 61
102 117 102 128
162 134 162 145
172 123 172 134
53 50 53 61
63 143 63 154
71 232 71 243
87 123 87 134
102 155 102 166
103 66 103 77
110 175 110 186
164 3 164 14
4 187 4 198
7 206 7 217
46 225 46 236
98 53 98 64
165 10 165 21
20 28 20 39
42 143 42 154
79 132 79 143
191 215 191 226
195 15 195 26
24 66 24 77
65 73 65 84
75 46 75 57
104 31 104 42
142 116 142 127
175 202 175 213
5 136 5 147
26 24 26 35
26 231 26 242
36 117 36 128
38 8 38 19
57 86 57 97
60 10 60 21
81 175 81 186
114 12 114 23
177 93 177 104
179 138 179 149
17 202 17 213
96 144 96 155
138 81 138 92
195 60 195 71
198 205 198 216
26 60 26 71
68 46 68 57
77 119 77 130
109 47 109 58
115 43 115 54
116 143 116 154
168 70 168 81
168 160 168 171
118 232 118 243
10 134 10 145
50 115 50 126
92 203 92 214
118 189 118 200
145 0 145 11
159 124 159 135
69 127 69 138
93 98 93 109
114 27 114 38
136 177 136 188
137 123 137 134
5 195 5 206
70 184 70 195
108 61 108 72
8 231 8 242
17 117 17 128
35 230 35 241
130 84 130 95
158 134 158 145
181 217 181 228
44 143 44 154
122 12 122 23
142 20 142 31
163 27 163 38
1 130 1 141
97 36 97 47
100 219 100 230
110 122 110 133
133 221 133 232
170 134 170 145
116 3 116 14
142 70 142 81
178 105 178 116
190 82 190 93
